This is pdfTeX, Version 3.141592653-2.6-1.40.25 (TeX Live 2023/Debian) (preloaded format=pdflatex 2024.7.6)  4 SEP 2024 20:37
entering extended mode
 restricted \write18 enabled.
 file:line:error style messages enabled.
 %&-line parsing enabled.
**preamble.tex
(./preamble.tex
LaTeX2e <2023-11-01> patch level 1
L3 programming layer <2024-01-22>

./preamble.tex:2: LaTeX Error: \usepackage before \documentclass.

See the LaTeX manual or LaTeX Companion for explanation.
Type  H <return>  for immediate help.
 ...                                              
                                                  
l.2 \usepackage[utf8]{
                      inputenc}
\usepackage may only appear in the document preamble, i.e.,
between \documentclass and \begin{document}.


./preamble.tex:3: LaTeX Error: \usepackage before \documentclass.

See the LaTeX manual or LaTeX Companion for explanation.
Type  H <return>  for immediate help.
 ...                                              
                                                  
l.3 \usepackage[T1]{
                    fontenc}
\usepackage may only appear in the document preamble, i.e.,
between \documentclass and \begin{document}.


./preamble.tex:4: LaTeX Error: \usepackage before \documentclass.

See the LaTeX manual or LaTeX Companion for explanation.
Type  H <return>  for immediate help.
 ...                                              
                                                  
l.4 \usepackage{
                graphicx}
\usepackage may only appear in the document preamble, i.e.,
between \documentclass and \begin{document}.


./preamble.tex:5: LaTeX Error: \usepackage before \documentclass.

See the LaTeX manual or LaTeX Companion for explanation.
Type  H <return>  for immediate help.
 ...                                              
                                                  
l.5 \usepackage[margin=0.75in]{
                               geometry}
\usepackage may only appear in the document preamble, i.e.,
between \documentclass and \begin{document}.


./preamble.tex:6: LaTeX Error: \usepackage before \documentclass.

See the LaTeX manual or LaTeX Companion for explanation.
Type  H <return>  for immediate help.
 ...                                              
                                                  
l.6 \usepackage[usenames,dvipsnames]{
                                     xcolor}
\usepackage may only appear in the document preamble, i.e.,
between \documentclass and \begin{document}.


./preamble.tex:9: LaTeX Error: \usepackage before \documentclass.

See the LaTeX manual or LaTeX Companion for explanation.
Type  H <return>  for immediate help.
 ...                                              
                                                  
l.9 \usepackage{
                amsmath, amsthm, amsfonts, amssymb, mathtools}
\usepackage may only appear in the document preamble, i.e.,
between \documentclass and \begin{document}.


./preamble.tex:10: LaTeX Error: \usepackage before \documentclass.

See the LaTeX manual or LaTeX Companion for explanation.
Type  H <return>  for immediate help.
 ...                                              
                                                  
l.10 \usepackage{
                 mathrsfs}
\usepackage may only appear in the document preamble, i.e.,
between \documentclass and \begin{document}.


./preamble.tex:11: LaTeX Error: \usepackage before \documentclass.

See the LaTeX manual or LaTeX Companion for explanation.
Type  H <return>  for immediate help.
 ...                                              
                                                  
l.11 \usepackage{
                 cancel}
\usepackage may only appear in the document preamble, i.e.,
between \documentclass and \begin{document}.


./preamble.tex:12: LaTeX Error: \usepackage before \documentclass.

See the LaTeX manual or LaTeX Companion for explanation.
Type  H <return>  for immediate help.
 ...                                              
                                                  
l.12 \usepackage{
                 siunitx} %phyjsicsssss
\usepackage may only appear in the document preamble, i.e.,
between \documentclass and \begin{document}.


./preamble.tex:13: LaTeX Error: \usepackage before \documentclass.

See the LaTeX manual or LaTeX Companion for explanation.
Type  H <return>  for immediate help.
 ...                                              
                                                  
l.13 \usepackage{
                 bbm} %mathbb for numbers
\usepackage may only appear in the document preamble, i.e.,
between \documentclass and \begin{document}.


./preamble.tex:14: LaTeX Error: \usepackage before \documentclass.

See the LaTeX manual or LaTeX Companion for explanation.
Type  H <return>  for immediate help.
 ...                                              
                                                  
l.14 \usepackage[all]{
                      xy} % https://texdoc.org/serve/xyguide.pdf/0
\usepackage may only appear in the document preamble, i.e.,
between \documentclass and \begin{document}.


./preamble.tex:16: LaTeX Error: Command \env@matrix undefined.

See the LaTeX manual or LaTeX Companion for explanation.
Type  H <return>  for immediate help.
 ...                                              
                                                  
l.16 \renewcommand*\env@matrix
                              [1][c]{\hskip -\arraycolsep
Try typing  <return>  to proceed.
If that doesn't work, type  X <return>  to quit.


./preamble.tex:22: LaTeX Error: \usepackage before \documentclass.

See the LaTeX manual or LaTeX Companion for explanation.
Type  H <return>  for immediate help.
 ...                                              
                                                  
l.22 \usepackage{
                 float}
\usepackage may only appear in the document preamble, i.e.,
between \documentclass and \begin{document}.


./preamble.tex:23: LaTeX Error: \usepackage before \documentclass.

See the LaTeX manual or LaTeX Companion for explanation.
Type  H <return>  for immediate help.
 ...                                              
                                                  
l.23 \usepackage[hyphens]{
                          url}
\usepackage may only appear in the document preamble, i.e.,
between \documentclass and \begin{document}.


./preamble.tex:26: LaTeX Error: \usepackage before \documentclass.

See the LaTeX manual or LaTeX Companion for explanation.
Type  H <return>  for immediate help.
 ...                                              
                                                  
l.26 \usepackage{
                 booktabs} %the \toprule and \bottomrule thick lines on tables
\usepackage may only appear in the document preamble, i.e.,
between \documentclass and \begin{document}.


./preamble.tex:28: LaTeX Error: \usepackage before \documentclass.

See the LaTeX manual or LaTeX Companion for explanation.
Type  H <return>  for immediate help.
 ...                                              
                                                  
l.28 \usepackage{
                 hyperref}
\usepackage may only appear in the document preamble, i.e.,
between \documentclass and \begin{document}.

./preamble.tex:29: Undefined control sequence.
l.29 \definecolor
                 {aqua}{HTML}{00C5FF}
The control sequence at the end of the top line
of your error message was never \def'ed. If you have
misspelled it (e.g., `\hobx'), type `I' and the correct
spelling (e.g., `I\hbox'). Otherwise just continue,
and I'll forget about whatever was undefined.


./preamble.tex:29: LaTeX Error: Missing \begin{document}.

See the LaTeX manual or LaTeX Companion for explanation.
Type  H <return>  for immediate help.
 ...                                              
                                                  
l.29 \definecolor{a
                   qua}{HTML}{00C5FF}
You're in trouble here.  Try typing  <return>  to proceed.
If that doesn't work, type  X <return>  to quit.

Missing character: There is no a in font nullfont!
Missing character: There is no q in font nullfont!
Missing character: There is no u in font nullfont!
Missing character: There is no a in font nullfont!
Missing character: There is no H in font nullfont!
Missing character: There is no T in font nullfont!
Missing character: There is no M in font nullfont!
Missing character: There is no L in font nullfont!
Missing character: There is no 0 in font nullfont!
Missing character: There is no 0 in font nullfont!
Missing character: There is no C in font nullfont!
Missing character: There is no 5 in font nullfont!
Missing character: There is no F in font nullfont!
Missing character: There is no F in font nullfont!
./preamble.tex:30: Undefined control sequence.
l.30 \hypersetup
                {
The control sequence at the end of the top line
of your error message was never \def'ed. If you have
misspelled it (e.g., `\hobx'), type `I' and the correct
spelling (e.g., `I\hbox'). Otherwise just continue,
and I'll forget about whatever was undefined.

Missing character: There is no c in font nullfont!
Missing character: There is no o in font nullfont!
Missing character: There is no l in font nullfont!
Missing character: There is no o in font nullfont!
Missing character: There is no r in font nullfont!
Missing character: There is no l in font nullfont!
Missing character: There is no i in font nullfont!
Missing character: There is no n in font nullfont!
Missing character: There is no k in font nullfont!
Missing character: There is no s in font nullfont!
Missing character: There is no , in font nullfont!
Missing character: There is no l in font nullfont!
Missing character: There is no i in font nullfont!
Missing character: There is no n in font nullfont!
Missing character: There is no k in font nullfont!
Missing character: There is no c in font nullfont!
Missing character: There is no o in font nullfont!
Missing character: There is no l in font nullfont!
Missing character: There is no o in font nullfont!
Missing character: There is no r in font nullfont!
Missing character: There is no = in font nullfont!
Missing character: There is no a in font nullfont!
Missing character: There is no q in font nullfont!
Missing character: There is no u in font nullfont!
Missing character: There is no a in font nullfont!
Missing character: There is no , in font nullfont!
Missing character: There is no u in font nullfont!
Missing character: There is no r in font nullfont!
Missing character: There is no l in font nullfont!
Missing character: There is no c in font nullfont!
Missing character: There is no o in font nullfont!
Missing character: There is no l in font nullfont!
Missing character: There is no o in font nullfont!
Missing character: There is no r in font nullfont!
Missing character: There is no = in font nullfont!
Missing character: There is no a in font nullfont!
Missing character: There is no q in font nullfont!
Missing character: There is no u in font nullfont!
Missing character: There is no a in font nullfont!
Missing character: There is no , in font nullfont!
Missing character: There is no c in font nullfont!
Missing character: There is no i in font nullfont!
Missing character: There is no t in font nullfont!
Missing character: There is no e in font nullfont!
Missing character: There is no c in font nullfont!
Missing character: There is no o in font nullfont!
Missing character: There is no l in font nullfont!
Missing character: There is no o in font nullfont!
Missing character: There is no r in font nullfont!
Missing character: There is no = in font nullfont!
Missing character: There is no r in font nullfont!
Missing character: There is no e in font nullfont!
Missing character: There is no d in font nullfont!

Overfull \hbox (20.0pt too wide) in paragraph at lines 29--36
[]
 []

./preamble.tex:38: Undefined control sequence.
l.38 \DeclarePairedDelimiter
                            \bra{\langle}{\rvert} %Bra
The control sequence at the end of the top line
of your error message was never \def'ed. If you have
misspelled it (e.g., `\hobx'), type `I' and the correct
spelling (e.g., `I\hbox'). Otherwise just continue,
and I'll forget about whatever was undefined.

./preamble.tex:38: Undefined control sequence.
l.38 \DeclarePairedDelimiter\bra
                                {\langle}{\rvert} %Bra
The control sequence at the end of the top line
of your error message was never \def'ed. If you have
misspelled it (e.g., `\hobx'), type `I' and the correct
spelling (e.g., `I\hbox'). Otherwise just continue,
and I'll forget about whatever was undefined.

./preamble.tex:38: Missing $ inserted.
<inserted text> 
                $
l.38 \DeclarePairedDelimiter\bra{\langle
                                        }{\rvert} %Bra
I've inserted a begin-math/end-math symbol since I think
you left one out. Proceed, with fingers crossed.


./preamble.tex:38: LaTeX Error: Missing \begin{document}.

See the LaTeX manual or LaTeX Companion for explanation.
Type  H <return>  for immediate help.
 ...                                              
                                                  
l.38 \DeclarePairedDelimiter\bra{\langle
                                        }{\rvert} %Bra
You're in trouble here.  Try typing  <return>  to proceed.
If that doesn't work, type  X <return>  to quit.

LaTeX Font Info:    External font `cmex10' loaded for size
(Font)              <7> on input line 38.
LaTeX Font Info:    External font `cmex10' loaded for size
(Font)              <5> on input line 38.
./preamble.tex:38: Extra }, or forgotten $.
l.38 \DeclarePairedDelimiter\bra{\langle}
                                         {\rvert} %Bra
I've deleted a group-closing symbol because it seems to be
spurious, as in `$x}$'. But perhaps the } is legitimate and
you forgot something else, as in `\hbox{$x}'. In such cases
the way to recover is to insert both the forgotten and the
deleted material, e.g., by typing `I$}'.

./preamble.tex:38: Undefined control sequence.
l.38 \DeclarePairedDelimiter\bra{\langle}{\rvert
                                                } %Bra
The control sequence at the end of the top line
of your error message was never \def'ed. If you have
misspelled it (e.g., `\hobx'), type `I' and the correct
spelling (e.g., `I\hbox'). Otherwise just continue,
and I'll forget about whatever was undefined.

./preamble.tex:39: Undefined control sequence.
l.39 \DeclarePairedDelimiter
                            \ket{\lvert}{\rangle} %Ket
The control sequence at the end of the top line
of your error message was never \def'ed. If you have
misspelled it (e.g., `\hobx'), type `I' and the correct
spelling (e.g., `I\hbox'). Otherwise just continue,
and I'll forget about whatever was undefined.

./preamble.tex:39: Undefined control sequence.
l.39 \DeclarePairedDelimiter\ket
                                {\lvert}{\rangle} %Ket
The control sequence at the end of the top line
of your error message was never \def'ed. If you have
misspelled it (e.g., `\hobx'), type `I' and the correct
spelling (e.g., `I\hbox'). Otherwise just continue,
and I'll forget about whatever was undefined.

./preamble.tex:39: Undefined control sequence.
l.39 \DeclarePairedDelimiter\ket{\lvert
                                       }{\rangle} %Ket
The control sequence at the end of the top line
of your error message was never \def'ed. If you have
misspelled it (e.g., `\hobx'), type `I' and the correct
spelling (e.g., `I\hbox'). Otherwise just continue,
and I'll forget about whatever was undefined.

./preamble.tex:40: Undefined control sequence.
l.40 \DeclarePairedDelimiterX
                             \braket[2]{\langle}{\rangle}{#1\,\delimsize\ver...
The control sequence at the end of the top line
of your error message was never \def'ed. If you have
misspelled it (e.g., `\hobx'), type `I' and the correct
spelling (e.g., `I\hbox'). Otherwise just continue,
and I'll forget about whatever was undefined.

./preamble.tex:40: Undefined control sequence.
l.40 \DeclarePairedDelimiterX\braket
                                    [2]{\langle}{\rangle}{#1\,\delimsize\ver...
The control sequence at the end of the top line
of your error message was never \def'ed. If you have
misspelled it (e.g., `\hobx'), type `I' and the correct
spelling (e.g., `I\hbox'). Otherwise just continue,
and I'll forget about whatever was undefined.

./preamble.tex:40: You can't use `macro parameter character #' in math mode.
l.40 ...edDelimiterX\braket[2]{\langle}{\rangle}{#
                                                  1\,\delimsize\vert\,\matho...
Sorry, but I'm not programmed to handle this case;
I'll just pretend that you didn't ask for it.
If you're in the wrong mode, you might be able to
return to the right one by typing `I}' or `I$' or `I\par'.

./preamble.tex:40: Undefined control sequence.
l.40 ...braket[2]{\langle}{\rangle}{#1\,\delimsize
                                                  \vert\,\mathopen{}#2} %Bra...
The control sequence at the end of the top line
of your error message was never \def'ed. If you have
misspelled it (e.g., `\hobx'), type `I' and the correct
spelling (e.g., `I\hbox'). Otherwise just continue,
and I'll forget about whatever was undefined.

./preamble.tex:40: You can't use `macro parameter character #' in math mode.
l.40 ...\rangle}{#1\,\delimsize\vert\,\mathopen{}#
                                                  2} %Bra-ket
Sorry, but I'm not programmed to handle this case;
I'll just pretend that you didn't ask for it.
If you're in the wrong mode, you might be able to
return to the right one by typing `I}' or `I$' or `I\par'.

./preamble.tex:46: Undefined control sequence.
l.46 \DeclareMathOperator
                         {\diag}{diag}
The control sequence at the end of the top line
of your error message was never \def'ed. If you have
misspelled it (e.g., `\hobx'), type `I' and the correct
spelling (e.g., `I\hbox'). Otherwise just continue,
and I'll forget about whatever was undefined.

./preamble.tex:46: Undefined control sequence.
l.46 \DeclareMathOperator{\diag
                               }{diag}
The control sequence at the end of the top line
of your error message was never \def'ed. If you have
misspelled it (e.g., `\hobx'), type `I' and the correct
spelling (e.g., `I\hbox'). Otherwise just continue,
and I'll forget about whatever was undefined.

./preamble.tex:47: Missing $ inserted.
<inserted text> 
                $
l.47 
     
I've inserted a begin-math/end-math symbol since I think
you left one out. Proceed, with fingers crossed.


Overfull \hbox (81.2866pt too wide) in paragraph at lines 38--47
[]$\OMS/cmsy/m/n/10 h[][][]\OT1/cmr/m/n/10 [2][][][][][]$ 
 []


./preamble.tex:49: LaTeX Error: \usepackage before \documentclass.

See the LaTeX manual or LaTeX Companion for explanation.
Type  H <return>  for immediate help.
 ...                                              
                                                  
l.49 \usepackage{
                 thmtools}
\usepackage may only appear in the document preamble, i.e.,
between \documentclass and \begin{document}.


./preamble.tex:50: LaTeX Error: \usepackage before \documentclass.

See the LaTeX manual or LaTeX Companion for explanation.
Type  H <return>  for immediate help.
 ...                                              
                                                  
l.50 \usepackage{
                 tikz}
\usepackage may only appear in the document preamble, i.e.,
between \documentclass and \begin{document}.


./preamble.tex:51: LaTeX Error: \usepackage before \documentclass.

See the LaTeX manual or LaTeX Companion for explanation.
Type  H <return>  for immediate help.
 ...                                              
                                                  
l.51 \usepackage{
                 tikz-cd}
\usepackage may only appear in the document preamble, i.e.,
between \documentclass and \begin{document}.


./preamble.tex:52: LaTeX Error: \usepackage before \documentclass.

See the LaTeX manual or LaTeX Companion for explanation.
Type  H <return>  for immediate help.
 ...                                              
                                                  
l.52 \usepackage[framemethod=TikZ]{
                                   mdframed}
\usepackage may only appear in the document preamble, i.e.,
between \documentclass and \begin{document}.

./preamble.tex:53: Undefined control sequence.
l.53 \mdfsetup
              {skipabove=1em,skipbelow=0em, innertopmargin=5pt, innerbottomm...
The control sequence at the end of the top line
of your error message was never \def'ed. If you have
misspelled it (e.g., `\hobx'), type `I' and the correct
spelling (e.g., `I\hbox'). Otherwise just continue,
and I'll forget about whatever was undefined.


./preamble.tex:53: LaTeX Error: Missing \begin{document}.

See the LaTeX manual or LaTeX Companion for explanation.
Type  H <return>  for immediate help.
 ...                                              
                                                  
l.53 \mdfsetup{s
                kipabove=1em,skipbelow=0em, innertopmargin=5pt, innerbottomm...
You're in trouble here.  Try typing  <return>  to proceed.
If that doesn't work, type  X <return>  to quit.

Missing character: There is no s in font nullfont!
Missing character: There is no k in font nullfont!
Missing character: There is no i in font nullfont!
Missing character: There is no p in font nullfont!
Missing character: There is no a in font nullfont!
Missing character: There is no b in font nullfont!
Missing character: There is no o in font nullfont!
Missing character: There is no v in font nullfont!
Missing character: There is no e in font nullfont!
Missing character: There is no = in font nullfont!
Missing character: There is no 1 in font nullfont!
Missing character: There is no e in font nullfont!
Missing character: There is no m in font nullfont!
Missing character: There is no , in font nullfont!
Missing character: There is no s in font nullfont!
Missing character: There is no k in font nullfont!
Missing character: There is no i in font nullfont!
Missing character: There is no p in font nullfont!
Missing character: There is no b in font nullfont!
Missing character: There is no e in font nullfont!
Missing character: There is no l in font nullfont!
Missing character: There is no o in font nullfont!
Missing character: There is no w in font nullfont!
Missing character: There is no = in font nullfont!
Missing character: There is no 0 in font nullfont!
Missing character: There is no e in font nullfont!
Missing character: There is no m in font nullfont!
Missing character: There is no , in font nullfont!
Missing character: There is no i in font nullfont!
Missing character: There is no n in font nullfont!
Missing character: There is no n in font nullfont!
Missing character: There is no e in font nullfont!
Missing character: There is no r in font nullfont!
Missing character: There is no t in font nullfont!
Missing character: There is no o in font nullfont!
Missing character: There is no p in font nullfont!
Missing character: There is no m in font nullfont!
Missing character: There is no a in font nullfont!
Missing character: There is no r in font nullfont!
Missing character: There is no g in font nullfont!
Missing character: There is no i in font nullfont!
Missing character: There is no n in font nullfont!
Missing character: There is no = in font nullfont!
Missing character: There is no 5 in font nullfont!
Missing character: There is no p in font nullfont!
Missing character: There is no t in font nullfont!
Missing character: There is no , in font nullfont!
Missing character: There is no i in font nullfont!
Missing character: There is no n in font nullfont!
Missing character: There is no n in font nullfont!
Missing character: There is no e in font nullfont!
Missing character: There is no r in font nullfont!
Missing character: There is no b in font nullfont!
Missing character: There is no o in font nullfont!
Missing character: There is no t in font nullfont!
Missing character: There is no t in font nullfont!
Missing character: There is no o in font nullfont!
Missing character: There is no m in font nullfont!
Missing character: There is no m in font nullfont!
Missing character: There is no a in font nullfont!
Missing character: There is no r in font nullfont!
Missing character: There is no g in font nullfont!
Missing character: There is no i in font nullfont!
Missing character: There is no n in font nullfont!
Missing character: There is no = in font nullfont!
Missing character: There is no 6 in font nullfont!
Missing character: There is no p in font nullfont!
Missing character: There is no t in font nullfont!
./preamble.tex:54: Undefined control sequence.
l.54 \theoremstyle
                  {definition} %because obviously
The control sequence at the end of the top line
of your error message was never \def'ed. If you have
misspelled it (e.g., `\hobx'), type `I' and the correct
spelling (e.g., `I\hbox'). Otherwise just continue,
and I'll forget about whatever was undefined.

Missing character: There is no d in font nullfont!
Missing character: There is no e in font nullfont!
Missing character: There is no f in font nullfont!
Missing character: There is no i in font nullfont!
Missing character: There is no n in font nullfont!
Missing character: There is no i in font nullfont!
Missing character: There is no t in font nullfont!
Missing character: There is no i in font nullfont!
Missing character: There is no o in font nullfont!
Missing character: There is no n in font nullfont!

Overfull \hbox (20.0pt too wide) in paragraph at lines 53--56
[]
 []

./preamble.tex:57: Undefined control sequence.
l.57 \definecolor
                 {boxColor}{HTML}{3D3D3D}
The control sequence at the end of the top line
of your error message was never \def'ed. If you have
misspelled it (e.g., `\hobx'), type `I' and the correct
spelling (e.g., `I\hbox'). Otherwise just continue,
and I'll forget about whatever was undefined.


./preamble.tex:57: LaTeX Error: Missing \begin{document}.

See the LaTeX manual or LaTeX Companion for explanation.
Type  H <return>  for immediate help.
 ...                                              
                                                  
l.57 \definecolor{b
                   oxColor}{HTML}{3D3D3D}
You're in trouble here.  Try typing  <return>  to proceed.
If that doesn't work, type  X <return>  to quit.

Missing character: There is no b in font nullfont!
Missing character: There is no o in font nullfont!
Missing character: There is no x in font nullfont!
Missing character: There is no C in font nullfont!
Missing character: There is no o in font nullfont!
Missing character: There is no l in font nullfont!
Missing character: There is no o in font nullfont!
Missing character: There is no r in font nullfont!
Missing character: There is no H in font nullfont!
Missing character: There is no T in font nullfont!
Missing character: There is no M in font nullfont!
Missing character: There is no L in font nullfont!
Missing character: There is no 3 in font nullfont!
Missing character: There is no D in font nullfont!
Missing character: There is no 3 in font nullfont!
Missing character: There is no D in font nullfont!
Missing character: There is no 3 in font nullfont!
Missing character: There is no D in font nullfont!

Overfull \hbox (20.0pt too wide) in paragraph at lines 57--58
[] 
 []

\c@def=\count187

./preamble.tex:60: LaTeX Error: No counter 'chapter' defined.

See the LaTeX manual or LaTeX Companion for explanation.
Type  H <return>  for immediate help.
 ...                                              
                                                  
l.60 \newcounter{def}[chapter]
                              \setcounter{def}{0}
Your command was ignored.
Type  I <command> <return>  to replace it with another command,
or  <return>  to continue without it.

\c@thm=\count188

./preamble.tex:77: LaTeX Error: No counter 'chapter' defined.

See the LaTeX manual or LaTeX Companion for explanation.
Type  H <return>  for immediate help.
 ...                                              
                                                  
l.77 \newcounter{thm}[chapter]
                              \setcounter{thm}{0}
Your command was ignored.
Type  I <command> <return>  to replace it with another command,
or  <return>  to continue without it.

\c@lma=\count189

./preamble.tex:94: LaTeX Error: No counter 'chapter' defined.

See the LaTeX manual or LaTeX Companion for explanation.
Type  H <return>  for immediate help.
 ...                                              
                                                  
l.94 \newcounter{lma}[chapter]
                              \setcounter{lma}{0}
Your command was ignored.
Type  I <command> <return>  to replace it with another command,
or  <return>  to continue without it.

\c@corr=\count190

./preamble.tex:112: LaTeX Error: No counter 'chapter' defined.

See the LaTeX manual or LaTeX Companion for explanation.
Type  H <return>  for immediate help.
 ...                                              
                                                  
l.112 \newcounter{corr}[chapter]
                                \setcounter{corr}{0}
Your command was ignored.
Type  I <command> <return>  to replace it with another command,
or  <return>  to continue without it.

\c@prp=\count191

./preamble.tex:129: LaTeX Error: No counter 'chapter' defined.

See the LaTeX manual or LaTeX Companion for explanation.
Type  H <return>  for immediate help.
 ...                                              
                                                  
l.129 \newcounter{prp}[chapter]
                               \setcounter{prp}{0}
Your command was ignored.
Type  I <command> <return>  to replace it with another command,
or  <return>  to continue without it.

\c@exe=\count192

./preamble.tex:173: LaTeX Error: No counter 'chapter' defined.

See the LaTeX manual or LaTeX Companion for explanation.
Type  H <return>  for immediate help.
 ...                                              
                                                  
l.173 \newcounter{exe}[chapter]
                               \setcounter{exe}{0}
Your command was ignored.
Type  I <command> <return>  to replace it with another command,
or  <return>  to continue without it.

./preamble.tex:185: Undefined control sequence.
l.185 \declaretheoremstyle
                          [headfont=\bfseries, bodyfont=\normalfont, mdframe...
The control sequence at the end of the top line
of your error message was never \def'ed. If you have
misspelled it (e.g., `\hobx'), type `I' and the correct
spelling (e.g., `I\hbox'). Otherwise just continue,
and I'll forget about whatever was undefined.


./preamble.tex:185: LaTeX Error: Missing \begin{document}.

See the LaTeX manual or LaTeX Companion for explanation.
Type  H <return>  for immediate help.
 ...                                              
                                                  
l.185 \declaretheoremstyle[
                           headfont=\bfseries, bodyfont=\normalfont, mdframe...
You're in trouble here.  Try typing  <return>  to proceed.
If that doesn't work, type  X <return>  to quit.

Missing character: There is no [ in font nullfont!
Missing character: There is no h in font nullfont!
Missing character: There is no e in font nullfont!
Missing character: There is no a in font nullfont!
Missing character: There is no d in font nullfont!
Missing character: There is no f in font nullfont!
Missing character: There is no o in font nullfont!
Missing character: There is no n in font nullfont!
Missing character: There is no t in font nullfont!
Missing character: There is no = in font nullfont!
./preamble.tex:185: Undefined control sequence.
l.185 ...lse, rightline=false}, qed=\(\blacksquare
                                                  \)]{proofline}
The control sequence at the end of the top line
of your error message was never \def'ed. If you have
misspelled it (e.g., `\hobx'), type `I' and the correct
spelling (e.g., `I\hbox'). Otherwise just continue,
and I'll forget about whatever was undefined.

./preamble.tex:186: Undefined control sequence.
l.186 \declaretheoremstyle
                          [headfont=\bfseries, bodyfont=\normalfont, mdframe...
The control sequence at the end of the top line
of your error message was never \def'ed. If you have
misspelled it (e.g., `\hobx'), type `I' and the correct
spelling (e.g., `I\hbox'). Otherwise just continue,
and I'll forget about whatever was undefined.

./preamble.tex:186: Undefined control sequence.
l.186 ...e=false, rightline=false}, qed=\qedsymbol
                                                  ]{egline}
The control sequence at the end of the top line
of your error message was never \def'ed. If you have
misspelled it (e.g., `\hobx'), type `I' and the correct
spelling (e.g., `I\hbox'). Otherwise just continue,
and I'll forget about whatever was undefined.


Overfull \hbox (23.19443pt too wide) in paragraph at lines 185--187
[]\OT1/cmr/bx/n/10 ,
 []


Overfull \hbox (29.06929pt too wide) in paragraph at lines 185--187
\OT1/cmr/bx/n/10 body-
 []


Overfull \hbox (31.52763pt too wide) in paragraph at lines 185--187
\OT1/cmr/bx/n/10 font=\OT1/cmr/m/n/10 ,
 []


Overfull \hbox (17.22226pt too wide) in paragraph at lines 185--187
\OT1/cmr/m/n/10 md-
 []


Overfull \hbox (103.63916pt too wide) in paragraph at lines 185--187
\OT1/cmr/m/n/10 framed=linewidth=1pt,
 []


Overfull \hbox (18.0556pt too wide) in paragraph at lines 185--187
\OT1/cmr/m/n/10 bot-
 []


Overfull \hbox (20.5556pt too wide) in paragraph at lines 185--187
\OT1/cmr/m/n/10 tom-
 []


Overfull \hbox (45.33344pt too wide) in paragraph at lines 185--187
\OT1/cmr/m/n/10 line=false,
 []


Overfull \hbox (59.77792pt too wide) in paragraph at lines 185--187
\OT1/cmr/m/n/10 topline=false,
 []


Overfull \hbox (24.19449pt too wide) in paragraph at lines 185--187
\OT1/cmr/m/n/10 right-
 []


Overfull \hbox (45.33344pt too wide) in paragraph at lines 185--187
\OT1/cmr/m/n/10 line=false,
 []


Overfull \hbox (63.91682pt too wide) in paragraph at lines 185--187
\OT1/cmr/m/n/10 qed=$$]proofline
 []


Overfull \hbox (26.66672pt too wide) in paragraph at lines 185--187
\OT1/cmr/m/n/10 [head-
 []


Overfull \hbox (28.1945pt too wide) in paragraph at lines 185--187
\OT1/cmr/m/n/10 font=\OT1/cmr/bx/n/10 ,
 []


Overfull \hbox (29.06929pt too wide) in paragraph at lines 185--187
\OT1/cmr/bx/n/10 body-
 []


Overfull \hbox (31.52763pt too wide) in paragraph at lines 185--187
\OT1/cmr/bx/n/10 font=\OT1/cmr/m/n/10 ,
 []


Overfull \hbox (17.22226pt too wide) in paragraph at lines 185--187
\OT1/cmr/m/n/10 md-
 []


Overfull \hbox (103.63916pt too wide) in paragraph at lines 185--187
\OT1/cmr/m/n/10 framed=linewidth=1pt,
 []


Overfull \hbox (18.0556pt too wide) in paragraph at lines 185--187
\OT1/cmr/m/n/10 bot-
 []


Overfull \hbox (20.5556pt too wide) in paragraph at lines 185--187
\OT1/cmr/m/n/10 tom-
 []


Overfull \hbox (45.33344pt too wide) in paragraph at lines 185--187
\OT1/cmr/m/n/10 line=false,
 []


Overfull \hbox (59.77792pt too wide) in paragraph at lines 185--187
\OT1/cmr/m/n/10 topline=false,
 []


Overfull \hbox (24.19449pt too wide) in paragraph at lines 185--187
\OT1/cmr/m/n/10 right-
 []


Overfull \hbox (45.33344pt too wide) in paragraph at lines 185--187
\OT1/cmr/m/n/10 line=false,
 []


Overfull \hbox (50.83344pt too wide) in paragraph at lines 185--187
\OT1/cmr/m/n/10 qed=]egline 
 []

./preamble.tex:188: Undefined control sequence.
l.188 \declaretheorem
                     [numbered=no, name=Notation]{notation}
The control sequence at the end of the top line
of your error message was never \def'ed. If you have
misspelled it (e.g., `\hobx'), type `I' and the correct
spelling (e.g., `I\hbox'). Otherwise just continue,
and I'll forget about whatever was undefined.


./preamble.tex:188: LaTeX Error: Missing \begin{document}.

See the LaTeX manual or LaTeX Companion for explanation.
Type  H <return>  for immediate help.
 ...                                              
                                                  
l.188 \declaretheorem[
                      numbered=no, name=Notation]{notation}
You're in trouble here.  Try typing  <return>  to proceed.
If that doesn't work, type  X <return>  to quit.


Overfull \hbox (86.97238pt too wide) in paragraph at lines 188--189
[]\OT1/cmr/m/n/10 [numbered=no,
 []


Overfull \hbox (109.16698pt too wide) in paragraph at lines 188--189
\OT1/cmr/m/n/10 name=Notation]notation 
 []

./preamble.tex:191: Undefined control sequence.
l.191 \declaretheorem
                     [numbered=no, style=egline, name=Solution]{setsolution}
The control sequence at the end of the top line
of your error message was never \def'ed. If you have
misspelled it (e.g., `\hobx'), type `I' and the correct
spelling (e.g., `I\hbox'). Otherwise just continue,
and I'll forget about whatever was undefined.


./preamble.tex:191: LaTeX Error: Missing \begin{document}.

See the LaTeX manual or LaTeX Companion for explanation.
Type  H <return>  for immediate help.
 ...                                              
                                                  
l.191 \declaretheorem[
                      numbered=no, style=egline, name=Solution]{setsolution}
You're in trouble here.  Try typing  <return>  to proceed.
If that doesn't work, type  X <return>  to quit.

./preamble.tex:194: Undefined control sequence.
l.194 \declaretheorem
                     [numbered=no, style=proofline, name=Proof]{replacementp...
The control sequence at the end of the top line
of your error message was never \def'ed. If you have
misspelled it (e.g., `\hobx'), type `I' and the correct
spelling (e.g., `I\hbox'). Otherwise just continue,
and I'll forget about whatever was undefined.


./preamble.tex:195: LaTeX Error: Environment proof undefined.

See the LaTeX manual or LaTeX Companion for explanation.
Type  H <return>  for immediate help.
 ...                                              
                                                  
l.195 \renewenvironment{proof}
                              [1][\proofname]{\begin{replacementproof}}{\end...
Try typing  <return>  to proceed.
If that doesn't work, type  X <return>  to quit.


Overfull \hbox (86.97238pt too wide) in paragraph at lines 191--196
[]\OT1/cmr/m/n/10 [numbered=no,
 []


Overfull \hbox (55.61122pt too wide) in paragraph at lines 191--196
\OT1/cmr/m/n/10 style=egline,
 []


Overfull \hbox (116.77808pt too wide) in paragraph at lines 191--196
\OT1/cmr/m/n/10 name=Solution]setsolution
 []


Overfull \hbox (25.27783pt too wide) in paragraph at lines 191--196
\OT1/cmr/m/n/10 [num-
 []


Overfull \hbox (45.30566pt too wide) in paragraph at lines 191--196
\OT1/cmr/m/n/10 bered=no,
 []


Overfull \hbox (68.69461pt too wide) in paragraph at lines 191--196
\OT1/cmr/m/n/10 style=proofline,
 []


Overfull \hbox (134.0559pt too wide) in paragraph at lines 191--196
\OT1/cmr/m/n/10 name=Proof]replacementproof
 []

./preamble.tex:198: Undefined control sequence.
l.198 \newtheoremstyle
                      {side}{}{}{\advance\leftskip3cm\relax\itshape\normalfo...
The control sequence at the end of the top line
of your error message was never \def'ed. If you have
misspelled it (e.g., `\hobx'), type `I' and the correct
spelling (e.g., `I\hbox'). Otherwise just continue,
and I'll forget about whatever was undefined.


./preamble.tex:198: LaTeX Error: Missing \begin{document}.

See the LaTeX manual or LaTeX Companion for explanation.
Type  H <return>  for immediate help.
 ...                                              
                                                  
l.198 \newtheoremstyle{s
                        ide}{}{}{\advance\leftskip3cm\relax\itshape\normalfo...
You're in trouble here.  Try typing  <return>  to proceed.
If that doesn't work, type  X <return>  to quit.

./preamble.tex:203: Undefined control sequence.
<argument> ...parboxrestore \raggedright \thmname 
                                                  {##1}. \thmnote {\newline ...
l.203   \hspace{10.1pt}}
                        }
The control sequence at the end of the top line
of your error message was never \def'ed. If you have
misspelled it (e.g., `\hobx'), type `I' and the correct
spelling (e.g., `I\hbox'). Otherwise just continue,
and I'll forget about whatever was undefined.

./preamble.tex:203: You can't use `macro parameter character #' in internal vertical mode.
<argument> ...boxrestore \raggedright \thmname {##
                                                  1}. \thmnote {\newline (##...
l.203   \hspace{10.1pt}}
                        }
Sorry, but I'm not programmed to handle this case;
I'll just pretend that you didn't ask for it.
If you're in the wrong mode, you might be able to
return to the right one by typing `I}' or `I$' or `I\par'.

./preamble.tex:203: Undefined control sequence.
<argument> ...aggedright \thmname {##1}. \thmnote 
                                                  {\newline (##3)}\@@par 
l.203   \hspace{10.1pt}}
                        }
The control sequence at the end of the top line
of your error message was never \def'ed. If you have
misspelled it (e.g., `\hobx'), type `I' and the correct
spelling (e.g., `I\hbox'). Otherwise just continue,
and I'll forget about whatever was undefined.

./preamble.tex:203: You can't use `macro parameter character #' in horizontal mode.
<argument> ...hmname {##1}. \thmnote {\newline (##
                                                  3)}\@@par 
l.203   \hspace{10.1pt}}
                        }
Sorry, but I'm not programmed to handle this case;
I'll just pretend that you didn't ask for it.
If you're in the wrong mode, you might be able to
return to the right one by typing `I}' or `I$' or `I\par'.


Overfull \hbox (40.05557pt too wide) in paragraph at lines 198--204
[]\OT1/cmr/m/n/10 side-
 []


Overfull \hbox (14.44449pt too wide) in paragraph at lines 198--204
\OT1/cmr/m/n/10 4pt
 []


Overfull \hbox (14.44449pt too wide) in paragraph at lines 198--204
\OT1/cmr/m/n/10 0pt
 []

./preamble.tex:205: Undefined control sequence.
l.205 \theoremstyle
                   {side}
The control sequence at the end of the top line
of your error message was never \def'ed. If you have
misspelled it (e.g., `\hobx'), type `I' and the correct
spelling (e.g., `I\hbox'). Otherwise just continue,
and I'll forget about whatever was undefined.


./preamble.tex:205: LaTeX Error: Missing \begin{document}.

See the LaTeX manual or LaTeX Companion for explanation.
Type  H <return>  for immediate help.
 ...                                              
                                                  
l.205 \theoremstyle{s
                     ide}
You're in trouble here.  Try typing  <return>  to proceed.
If that doesn't work, type  X <return>  to quit.

\c@note=\count193
\c@intuition=\count194
\c@claim=\count195
./preamble.tex:209: Undefined control sequence.
<recently read> \theoremstyle 
                              
l.209 \theoremstyle
                   {definition}
The control sequence at the end of the top line
of your error message was never \def'ed. If you have
misspelled it (e.g., `\hobx'), type `I' and the correct
spelling (e.g., `I\hbox'). Otherwise just continue,
and I'll forget about whatever was undefined.


Overfull \hbox (36.72224pt too wide) in paragraph at lines 205--210
[]\OT1/cmr/m/n/10 side
 []


Overfull \hbox (16.38892pt too wide) in paragraph at lines 205--210
\OT1/cmr/m/n/10 def-
 []


Overfull \hbox (6.11111pt too wide) in paragraph at lines 205--210
\OT1/cmr/m/n/10 i-
 []


Overfull \hbox (11.66669pt too wide) in paragraph at lines 205--210
\OT1/cmr/m/n/10 ni-
 []


Overfull \hbox (17.22227pt too wide) in paragraph at lines 205--210
\OT1/cmr/m/n/10 tion 
 []


./preamble.tex:224: LaTeX Error: \usepackage before \documentclass.

See the LaTeX manual or LaTeX Companion for explanation.
Type  H <return>  for immediate help.
 ...                                              
                                                  
l.224 \usepackage{
                  fancyhdr}
\usepackage may only appear in the document preamble, i.e.,
between \documentclass and \begin{document}.

./preamble.tex:225: Undefined control sequence.
<argument> \undefinedpagestyle 
                               
l.225 \pagestyle{fancy}
                       
The control sequence at the end of the top line
of your error message was never \def'ed. If you have
misspelled it (e.g., `\hobx'), type `I' and the correct
spelling (e.g., `I\hbox'). Otherwise just continue,
and I'll forget about whatever was undefined.

./preamble.tex:226: Undefined control sequence.
l.226 \fancyhead
                {}\fancyfoot{}
The control sequence at the end of the top line
of your error message was never \def'ed. If you have
misspelled it (e.g., `\hobx'), type `I' and the correct
spelling (e.g., `I\hbox'). Otherwise just continue,
and I'll forget about whatever was undefined.

./preamble.tex:226: Undefined control sequence.
l.226 \fancyhead{}\fancyfoot
                            {}
The control sequence at the end of the top line
of your error message was never \def'ed. If you have
misspelled it (e.g., `\hobx'), type `I' and the correct
spelling (e.g., `I\hbox'). Otherwise just continue,
and I'll forget about whatever was undefined.

./preamble.tex:227: Undefined control sequence.
l.227 \fancyfoot
                [R]{\thepage}
The control sequence at the end of the top line
of your error message was never \def'ed. If you have
misspelled it (e.g., `\hobx'), type `I' and the correct
spelling (e.g., `I\hbox'). Otherwise just continue,
and I'll forget about whatever was undefined.


./preamble.tex:227: LaTeX Error: Missing \begin{document}.

See the LaTeX manual or LaTeX Companion for explanation.
Type  H <return>  for immediate help.
 ...                                              
                                                  
l.227 \fancyfoot[
                 R]{\thepage}
You're in trouble here.  Try typing  <return>  to proceed.
If that doesn't work, type  X <return>  to quit.

./preamble.tex:227: Undefined control sequence.
l.227 \fancyfoot[R]{\thepage
                            }
The control sequence at the end of the top line
of your error message was never \def'ed. If you have
misspelled it (e.g., `\hobx'), type `I' and the correct
spelling (e.g., `I\hbox'). Otherwise just continue,
and I'll forget about whatever was undefined.

./preamble.tex:228: Undefined control sequence.
l.228 \fancyfoot
                [C]{\leftmark}
The control sequence at the end of the top line
of your error message was never \def'ed. If you have
misspelled it (e.g., `\hobx'), type `I' and the correct
spelling (e.g., `I\hbox'). Otherwise just continue,
and I'll forget about whatever was undefined.

./preamble.tex:229: Undefined control sequence.
l.229 \fancyhead
                [L]{hi}
The control sequence at the end of the top line
of your error message was never \def'ed. If you have
misspelled it (e.g., `\hobx'), type `I' and the correct
spelling (e.g., `I\hbox'). Otherwise just continue,
and I'll forget about whatever was undefined.


Overfull \hbox (32.91669pt too wide) in paragraph at lines 227--230
[]\OT1/cmr/m/n/10 [R]
 []


Overfull \hbox (12.7778pt too wide) in paragraph at lines 227--230
\OT1/cmr/m/n/10 [C]
 []


Overfull \hbox (20.13895pt too wide) in paragraph at lines 227--230
\OT1/cmr/m/n/10 [L]hi 
 []


./preamble.tex:233: LaTeX Error: \usepackage before \documentclass.

See the LaTeX manual or LaTeX Companion for explanation.
Type  H <return>  for immediate help.
 ...                                              
                                                  
l.233 \usepackage{
                  import}
\usepackage may only appear in the document preamble, i.e.,
between \documentclass and \begin{document}.


./preamble.tex:234: LaTeX Error: \usepackage before \documentclass.

See the LaTeX manual or LaTeX Companion for explanation.
Type  H <return>  for immediate help.
 ...                                              
                                                  
l.234 \usepackage{
                  xifthen}
\usepackage may only appear in the document preamble, i.e.,
between \documentclass and \begin{document}.


./preamble.tex:235: LaTeX Error: \usepackage before \documentclass.

See the LaTeX manual or LaTeX Companion for explanation.
Type  H <return>  for immediate help.
 ...                                              
                                                  
l.235 \usepackage{
                  pdfpages}
\usepackage may only appear in the document preamble, i.e.,
between \documentclass and \begin{document}.


./preamble.tex:236: LaTeX Error: \usepackage before \documentclass.

See the LaTeX manual or LaTeX Companion for explanation.
Type  H <return>  for immediate help.
 ...                                              
                                                  
l.236 \usepackage{
                  transparent}
\usepackage may only appear in the document preamble, i.e.,
between \documentclass and \begin{document}.

)
! Emergency stop.
<*> preamble.tex
                
*** (job aborted, no legal \end found)

 
Here is how much of TeX's memory you used:
 125 strings out of 474222
 1242 string characters out of 5748734
 1924975 words of memory out of 5000000
 22477 multiletter control sequences out of 15000+600000
 558723 words of font info for 38 fonts, out of 8000000 for 9000
 1141 hyphenation exceptions out of 8191
 22i,4n,33p,230b,229s stack positions out of 10000i,1000n,20000p,200000b,200000s
!  ==> Fatal error occurred, no output PDF file produced!
